<?xml version="1.0" encoding="UTF-8"?>
<!-- Generated by org.testng.reporters.JUnitReportReporter -->
<testsuite hostname="Menna" failures="0" tests="1" name="planRadar.createFormTestCases" time="34.820" errors="0" timestamp="2024-12-06T19:52:32 EET" skipped="0">
  <testcase classname="planRadar.createFormTestCases" name="createForm" time="34.820"/>
</testsuite> <!-- planRadar.createFormTestCases -->
